Build started 3/26/2020 16:00:37.
     1>Project "C:\Users\my-pc\Documents\Visual Studio 2012\Projects\sfml tutorail\sfml tutorail\sfml tutorail.vcxproj" on node 2 (Build target(s)).
     1>ClCompile:
         C:\Program Files (x86)\Microsoft Visual Studio 11.0\VC\bin\CL.exe /c /I"C:\Users\my-pc\Documents\Visual Studio 2012\Projects\sfml tutorail\sfml\include" /ZI /nologo /W3 /WX- /sdl /Od /Oy- /D WIN32 /D _DEBUG /D _CONSOLE /D _UNICODE /D UNICODE /Gm /EHsc /RTC1 /MDd /GS /fp:precise /Zc:wchar_t /Zc:forScope /Fo"Debug\\" /Fd"Debug\vc110.pdb" /Gd /TP /analyze- /errorReport:prompt Animation.cpp Platform.cpp main.cpp player.cpp
         player.cpp
         Generating Code...
         Skipping... (no relevant changes detected)
         main.cpp
         Platform.cpp
         Animation.cpp
       Link:
         C:\Program Files (x86)\Microsoft Visual Studio 11.0\VC\bin\link.exe /ERRORREPORT:PROMPT /OUT:"C:\Users\my-pc\Documents\Visual Studio 2012\Projects\sfml tutorail\Debug\sfml tutorail.exe" /INCREMENTAL /NOLOGO /LIBPATH:"C:\Users\my-pc\Documents\Visual Studio 2012\Projects\sfml tutorail\sfml\lib" "sfml-system-d.lib" "sfml-graphics-d.lib" "sfml-audio-d.lib" "sfml-network-d.lib" "sfml-window-d.lib" kernel32.lib user32.lib gdi32.lib winspool.lib comdlg32.lib advapi32.lib shell32.lib ole32.lib oleaut32.lib uuid.lib odbc32.lib odbccp32.lib /MANIFEST /MANIFESTUAC:"level='asInvoker' uiAccess='false'" /manifest:embed /DEBUG /PDB:"C:\Users\my-pc\Documents\Visual Studio 2012\Projects\sfml tutorail\Debug\sfml tutorail.pdb" /SUBSYSTEM:CONSOLE /TLBID:1 /DYNAMICBASE /NXCOMPAT /IMPLIB:"C:\Users\my-pc\Documents\Visual Studio 2012\Projects\sfml tutorail\Debug\sfml tutorail.lib" /MACHINE:X86 Debug\Animation.obj
         Debug\Collider.obj
         Debug\main.obj
         Debug\Platform.obj
         Debug\player.obj
         sfml tutorail.vcxproj -> C:\Users\my-pc\Documents\Visual Studio 2012\Projects\sfml tutorail\Debug\sfml tutorail.exe
     1>Done Building Project "C:\Users\my-pc\Documents\Visual Studio 2012\Projects\sfml tutorail\sfml tutorail\sfml tutorail.vcxproj" (Build target(s)).

Build succeeded.

Time Elapsed 00:00:02.38
